2020-06-30 20:43:32,989 INFO o.a.j.u.JMeterUtils: Setting Locale to en_US
2020-06-30 20:43:33,007 INFO o.a.j.JMeter: Loading user properties from: /home/abode/jMeter/apache-jmeter-5.3/bin/user.properties
2020-06-30 20:43:33,008 INFO o.a.j.JMeter: Loading system properties from: /home/abode/jMeter/apache-jmeter-5.3/bin/system.properties
2020-06-30 20:43:33,010 INFO o.a.j.JMeter: Copyright (c) 1998-2020 The Apache Software Foundation
2020-06-30 20:43:33,010 INFO o.a.j.JMeter: Version 5.3
2020-06-30 20:43:33,011 INFO o.a.j.JMeter: java.version=1.8.0_252
2020-06-30 20:43:33,011 INFO o.a.j.JMeter: java.vm.name=OpenJDK 64-Bit Server VM
2020-06-30 20:43:33,012 INFO o.a.j.JMeter: os.name=Linux
2020-06-30 20:43:33,012 INFO o.a.j.JMeter: os.arch=amd64
2020-06-30 20:43:33,012 INFO o.a.j.JMeter: os.version=5.3.0-61-generic
2020-06-30 20:43:33,013 INFO o.a.j.JMeter: file.encoding=UTF-8
2020-06-30 20:43:33,013 INFO o.a.j.JMeter: java.awt.headless=null
2020-06-30 20:43:33,014 INFO o.a.j.JMeter: Max memory     =1857028096
2020-06-30 20:43:33,014 INFO o.a.j.JMeter: Available Processors =4
2020-06-30 20:43:33,019 INFO o.a.j.JMeter: Default Locale=English (United States)
2020-06-30 20:43:33,020 INFO o.a.j.JMeter: JMeter  Locale=English (United States)
2020-06-30 20:43:33,020 INFO o.a.j.JMeter: JMeterHome=/home/abode/jMeter/apache-jmeter-5.3
2020-06-30 20:43:33,020 INFO o.a.j.JMeter: user.dir  =/home/abode/Desktop/abode-chikh-performancetest
2020-06-30 20:43:33,021 INFO o.a.j.JMeter: PWD       =/home/abode/Desktop/abode-chikh-performancetest
2020-06-30 20:43:33,021 INFO o.a.j.JMeter: IP: 127.0.1.1 Name: abode-VirtualBox FullName: abode-VirtualBox
2020-06-30 20:43:33,127 INFO o.a.j.JMeter: Setting LAF to: com.github.weisj.darklaf.DarkLaf:com.github.weisj.darklaf.theme.DarculaTheme
2020-06-30 20:43:33,287 INFO o.a.j.JMeter: Loaded icon properties from org/apache/jmeter/images/icon.properties
2020-06-30 20:43:43,858 INFO o.a.j.s.FileServer: Default base='/home/abode/Desktop/abode-chikh-performancetest'
2020-06-30 20:43:43,860 INFO o.a.j.g.a.Load: Loading file: /home/abode/Desktop/abode-chikh-performancetest/jmeter-from-chrome-plugin/performance-tests/login-logout.jmx
2020-06-30 20:43:43,860 INFO o.a.j.s.FileServer: Set new base='/home/abode/Desktop/abode-chikh-performancetest/jmeter-from-chrome-plugin/performance-tests'
2020-06-30 20:43:44,007 INFO o.a.j.s.SaveService: Testplan (JMX) version: 2.2. Testlog (JTL) version: 2.2
2020-06-30 20:43:44,037 INFO o.a.j.s.SaveService: Using SaveService properties file encoding UTF-8
2020-06-30 20:43:44,038 INFO o.a.j.s.SaveService: Using SaveService properties version 5.0
2020-06-30 20:43:44,042 INFO o.a.j.s.SaveService: Loading file: /home/abode/Desktop/abode-chikh-performancetest/jmeter-from-chrome-plugin/performance-tests/login-logout.jmx
2020-06-30 20:43:44,070 INFO o.a.j.p.h.s.HTTPSamplerBase: Parser for text/html is org.apache.jmeter.protocol.http.parser.LagartoBasedHtmlParser
2020-06-30 20:43:44,070 INFO o.a.j.p.h.s.HTTPSamplerBase: Parser for application/xhtml+xml is org.apache.jmeter.protocol.http.parser.LagartoBasedHtmlParser
2020-06-30 20:43:44,070 INFO o.a.j.p.h.s.HTTPSamplerBase: Parser for application/xml is org.apache.jmeter.protocol.http.parser.LagartoBasedHtmlParser
2020-06-30 20:43:44,070 INFO o.a.j.p.h.s.HTTPSamplerBase: Parser for text/xml is org.apache.jmeter.protocol.http.parser.LagartoBasedHtmlParser
2020-06-30 20:43:44,070 INFO o.a.j.p.h.s.HTTPSamplerBase: Parser for text/vnd.wap.wml is org.apache.jmeter.protocol.http.parser.RegexpHTMLParser
2020-06-30 20:43:44,070 INFO o.a.j.p.h.s.HTTPSamplerBase: Parser for text/css is org.apache.jmeter.protocol.http.parser.CssParser
2020-06-30 20:43:44,215 INFO o.a.j.s.SampleResult: Note: Sample TimeStamps are START times
2020-06-30 20:43:44,216 INFO o.a.j.s.SampleResult: sampleresult.default.encoding is set to ISO-8859-1
2020-06-30 20:43:44,217 INFO o.a.j.s.SampleResult: sampleresult.useNanoTime=true
2020-06-30 20:43:44,218 INFO o.a.j.s.SampleResult: sampleresult.nanoThreadSleep=5000
2020-06-30 20:43:44,352 INFO o.a.j.v.ViewResultsFullVisualizer: Add JavaFX to your Java installation if you want to use renderer: org.apache.jmeter.visualizers.RenderInBrowser
2020-06-30 20:43:44,399 INFO o.a.j.s.FileServer: Set new base='/home/abode/Desktop/abode-chikh-performancetest/jmeter-from-chrome-plugin/performance-tests'
2020-06-30 20:43:49,586 INFO o.a.j.e.StandardJMeterEngine: Running the test!
2020-06-30 20:43:49,590 INFO o.a.j.s.SampleEvent: List of sample_variables: []
2020-06-30 20:43:49,590 INFO o.a.j.s.SampleEvent: List of sample_variables: []
2020-06-30 20:43:49,593 INFO o.a.j.e.u.CompoundVariable: Note: Function class names must contain the string: '.functions.'
2020-06-30 20:43:49,594 INFO o.a.j.e.u.CompoundVariable: Note: Function class names must not contain the string: '.gui.'
2020-06-30 20:43:49,836 INFO o.a.j.g.u.JMeterMenuBar: setRunning(true, *local*)
2020-06-30 20:43:49,944 INFO o.a.j.e.StandardJMeterEngine: Starting ThreadGroup: 1 : Thread Group
2020-06-30 20:43:49,944 INFO o.a.j.e.StandardJMeterEngine: Starting 1 threads for group Thread Group.
2020-06-30 20:43:49,945 INFO o.a.j.e.StandardJMeterEngine: Thread will continue on error
2020-06-30 20:43:49,945 INFO o.a.j.t.ThreadGroup: Starting thread group... number=1 threads=1 ramp-up=1 delayedStart=false
2020-06-30 20:43:49,948 INFO o.a.j.t.ThreadGroup: Started thread group number 1
2020-06-30 20:43:49,949 INFO o.a.j.e.StandardJMeterEngine: All thread groups have been started
2020-06-30 20:43:49,960 INFO o.a.j.t.JMeterThread: Thread started: Thread Group 1-1
2020-06-30 20:43:49,971 INFO o.a.j.p.h.s.HTTPHCAbstractImpl: Local host = abode-VirtualBox
2020-06-30 20:43:49,977 INFO o.a.j.p.h.s.HTTPHC4Impl: HTTP request retry count = 0
2020-06-30 20:43:50,639 INFO o.a.j.t.JMeterThread: Thread is done: Thread Group 1-1
2020-06-30 20:43:50,639 INFO o.a.j.t.JMeterThread: Thread finished: Thread Group 1-1
2020-06-30 20:43:50,640 INFO o.a.j.e.StandardJMeterEngine: Notifying test listeners of end of test
2020-06-30 20:43:50,640 INFO o.a.j.g.u.JMeterMenuBar: setRunning(false, *local*)
